<?xml version="1.0" encoding="UTF-8"?>
<!-- Generated by org.testng.reporters.JUnitXMLReporter -->
<testsuite ignored="0" hostname="WL01" failures="1" tests="1" name="Default test" time="0.517" errors="0" timestamp="2023-07-02T23:46:33 GST">
  <testcase classname="com.avengers.bus.services.test.SaveTicketServiceImplTest" name="testSaveTheTicket" time="0.039">
    <failure type="java.lang.NullPointerException">
      <![CDATA[java.lang.NullPointerException
at java.base/java.util.ImmutableCollections$ListN.indexOf(ImmutableCollections.java:716)
at com.avengers.bus.services.implementation.SaveTicketServiceImpl$1.compare(SaveTicketServiceImpl.java:66)
at com.avengers.bus.services.implementation.SaveTicketServiceImpl$1.compare(SaveTicketServiceImpl.java:1)
at java.base/java.util.TimSort.countRunAndMakeAscending(TimSort.java:355)
at java.base/java.util.TimSort.sort(TimSort.java:220)
at java.base/java.util.Arrays.sort(Arrays.java:1307)
at java.base/java.util.ArrayList.sort(ArrayList.java:1721)
at java.base/java.util.Collections.sort(Collections.java:179)
at com.avengers.bus.services.implementation.SaveTicketServiceImpl.saveTheTicket(SaveTicketServiceImpl.java:72)
at com.avengers.bus.services.test.SaveTicketServiceImplTest.testSaveTheTicket(SaveTicketServiceImplTest.java:48)
at java.base/jdk.internal.reflect.DirectMethodHandleAccessor.invoke(DirectMethodHandleAccessor.java:104)
at java.base/java.lang.reflect.Method.invoke(Method.java:578)
at org.testng.internal.invokers.MethodInvocationHelper.invokeMethod(MethodInvocationHelper.java:135)
at org.testng.internal.invokers.TestInvoker.invokeMethod(TestInvoker.java:673)
at org.testng.internal.invokers.TestInvoker.invokeTestMethod(TestInvoker.java:220)
at org.testng.internal.invokers.MethodRunner.runInSequence(MethodRunner.java:50)
at org.testng.internal.invokers.TestInvoker$MethodInvocationAgent.invoke(TestInvoker.java:945)
at org.testng.internal.invokers.TestInvoker.invokeTestMethods(TestInvoker.java:193)
at org.testng.internal.invokers.TestMethodWorker.invokeTestMethods(TestMethodWorker.java:146)
at org.testng.internal.invokers.TestMethodWorker.run(TestMethodWorker.java:128)
at java.base/java.util.ArrayList.forEach(ArrayList.java:1511)
at org.testng.TestRunner.privateRun(TestRunner.java:808)
at org.testng.TestRunner.run(TestRunner.java:603)
at org.testng.SuiteRunner.runTest(SuiteRunner.java:429)
at org.testng.SuiteRunner.runSequentially(SuiteRunner.java:423)
at org.testng.SuiteRunner.privateRun(SuiteRunner.java:383)
at org.testng.SuiteRunner.run(SuiteRunner.java:326)
at org.testng.SuiteRunnerWorker.runSuite(SuiteRunnerWorker.java:52)
at org.testng.SuiteRunnerWorker.run(SuiteRunnerWorker.java:95)
at org.testng.TestNG.runSuitesSequentially(TestNG.java:1249)
at org.testng.TestNG.runSuitesLocally(TestNG.java:1169)
at org.testng.TestNG.runSuites(TestNG.java:1092)
at org.testng.TestNG.run(TestNG.java:1060)
at org.testng.remote.AbstractRemoteTestNG.run(AbstractRemoteTestNG.java:115)
at org.testng.remote.RemoteTestNG.initAndRun(RemoteTestNG.java:251)
at org.testng.remote.RemoteTestNG.main(RemoteTestNG.java:77)
]]>
    </failure>
  </testcase> <!-- testSaveTheTicket -->
</testsuite> <!-- Default test -->
