<?xml version="1.0" encoding="UTF-8"?>
<testng-results ignored="0" total="3" passed="2" failed="1" skipped="0">
  <reporter-output>
  </reporter-output>
  <suite started-at="2023-07-02T21:24:56 GST" name="Default suite" finished-at="2023-07-02T21:24:57 GST" duration-ms="582">
    <groups>
    </groups>
    <test started-at="2023-07-02T21:24:56 GST" name="Default test" finished-at="2023-07-02T21:24:57 GST" duration-ms="582">
      <class name="com.avengers.bus.services.test.UserPassengersServiceImplTest">
        <test-method is-config="true" signature="setUp()[pri:0, instance:com.avengers.bus.services.test.UserPassengersServiceImplTest@77307458]" started-at="2023-07-02T21:24:56 GST" name="setUp" finished-at="2023-07-02T21:24:57 GST" duration-ms="502" status="PASS">
          <reporter-output>
          </reporter-output>
        </test-method> <!-- setUp -->
        <test-method signature="testGetAllUserPassengers_InvalidUserId_ReturnsEmptyList()[pri:0, instance:com.avengers.bus.services.test.UserPassengersServiceImplTest@77307458]" started-at="2023-07-02T21:24:57 GST" name="testGetAllUserPassengers_InvalidUserId_ReturnsEmptyList" finished-at="2023-07-02T21:24:57 GST" duration-ms="29" status="PASS">
          <reporter-output>
          </reporter-output>
        </test-method> <!-- testGetAllUserPassengers_InvalidUserId_ReturnsEmptyList -->
        <test-method is-config="true" signature="setUp()[pri:0, instance:com.avengers.bus.services.test.UserPassengersServiceImplTest@77307458]" started-at="2023-07-02T21:24:57 GST" name="setUp" finished-at="2023-07-02T21:24:57 GST" duration-ms="3" status="PASS">
          <reporter-output>
          </reporter-output>
        </test-method> <!-- setUp -->
        <test-method signature="testGetAllUserPassengers_UserPassengersDAOReturnsNull_ReturnsEmptyList()[pri:0, instance:com.avengers.bus.services.test.UserPassengersServiceImplTest@77307458]" started-at="2023-07-02T21:24:57 GST" name="testGetAllUserPassengers_UserPassengersDAOReturnsNull_ReturnsEmptyList" finished-at="2023-07-02T21:24:57 GST" duration-ms="4" status="FAIL">
          <exception class="java.lang.NullPointerException">
            <message>
              <![CDATA[Cannot invoke "java.util.List.size()" because "userPassengersList" is null]]>
            </message>
            <full-stacktrace>
              <![CDATA[java.lang.NullPointerException: Cannot invoke "java.util.List.size()" because "userPassengersList" is null
at com.avengers.bus.services.implementation.UserPassengersServiceImpl.getAllUserPassengers(UserPassengersServiceImpl.java:30)
at com.avengers.bus.services.test.UserPassengersServiceImplTest.testGetAllUserPassengers_UserPassengersDAOReturnsNull_ReturnsEmptyList(UserPassengersServiceImplTest.java:72)
at java.base/jdk.internal.reflect.DirectMethodHandleAccessor.invoke(DirectMethodHandleAccessor.java:104)
at java.base/java.lang.reflect.Method.invoke(Method.java:578)
at org.testng.internal.invokers.MethodInvocationHelper.invokeMethod(MethodInvocationHelper.java:135)
at org.testng.internal.invokers.TestInvoker.invokeMethod(TestInvoker.java:673)
at org.testng.internal.invokers.TestInvoker.invokeTestMethod(TestInvoker.java:220)
at org.testng.internal.invokers.MethodRunner.runInSequence(MethodRunner.java:50)
at org.testng.internal.invokers.TestInvoker$MethodInvocationAgent.invoke(TestInvoker.java:945)
at org.testng.internal.invokers.TestInvoker.invokeTestMethods(TestInvoker.java:193)
at org.testng.internal.invokers.TestMethodWorker.invokeTestMethods(TestMethodWorker.java:146)
at org.testng.internal.invokers.TestMethodWorker.run(TestMethodWorker.java:128)
at java.base/java.util.ArrayList.forEach(ArrayList.java:1511)
at org.testng.TestRunner.privateRun(TestRunner.java:808)
at org.testng.TestRunner.run(TestRunner.java:603)
at org.testng.SuiteRunner.runTest(SuiteRunner.java:429)
at org.testng.SuiteRunner.runSequentially(SuiteRunner.java:423)
at org.testng.SuiteRunner.privateRun(SuiteRunner.java:383)
at org.testng.SuiteRunner.run(SuiteRunner.java:326)
at org.testng.SuiteRunnerWorker.runSuite(SuiteRunnerWorker.java:52)
at org.testng.SuiteRunnerWorker.run(SuiteRunnerWorker.java:95)
at org.testng.TestNG.runSuitesSequentially(TestNG.java:1249)
at org.testng.TestNG.runSuitesLocally(TestNG.java:1169)
at org.testng.TestNG.runSuites(TestNG.java:1092)
at org.testng.TestNG.run(TestNG.java:1060)
at org.testng.remote.AbstractRemoteTestNG.run(AbstractRemoteTestNG.java:115)
at org.testng.remote.RemoteTestNG.initAndRun(RemoteTestNG.java:251)
at org.testng.remote.RemoteTestNG.main(RemoteTestNG.java:77)
]]>
            </full-stacktrace>
          </exception> <!-- java.lang.NullPointerException -->
          <reporter-output>
          </reporter-output>
        </test-method> <!-- testGetAllUserPassengers_UserPassengersDAOReturnsNull_ReturnsEmptyList -->
        <test-method is-config="true" signature="setUp()[pri:0, instance:com.avengers.bus.services.test.UserPassengersServiceImplTest@77307458]" started-at="2023-07-02T21:24:57 GST" name="setUp" finished-at="2023-07-02T21:24:57 GST" duration-ms="0" status="PASS">
          <reporter-output>
          </reporter-output>
        </test-method> <!-- setUp -->
        <test-method signature="testGetAllUserPassengers_ValidUserId_ReturnsListOfUserPassengers()[pri:0, instance:com.avengers.bus.services.test.UserPassengersServiceImplTest@77307458]" started-at="2023-07-02T21:24:57 GST" name="testGetAllUserPassengers_ValidUserId_ReturnsListOfUserPassengers" finished-at="2023-07-02T21:24:57 GST" duration-ms="4" status="PASS">
          <reporter-output>
          </reporter-output>
        </test-method> <!-- testGetAllUserPassengers_ValidUserId_ReturnsListOfUserPassengers -->
      </class> <!-- com.avengers.bus.services.test.UserPassengersServiceImplTest -->
    </test> <!-- Default test -->
  </suite> <!-- Default suite -->
</testng-results>
